Release 14.2 - xst P.28xd (nt)
Copyright (c) 1995-2012 Xilinx, Inc.  All rights reserved.
--> Parameter TMPDIR set to xst/projnav.tmp


Total REAL time to Xst completion: 0.00 secs
Total CPU time to Xst completion: 0.13 secs
 
--> Parameter xsthdpdir set to xst


Total REAL time to Xst completion: 0.00 secs
Total CPU time to Xst completion: 0.13 secs
 
--> Reading design: execute.prj

TABLE OF CONTENTS
  1) Synthesis Options Summary
  2) HDL Compilation
  3) Design Hierarchy Analysis
  4) HDL Analysis
  5) HDL Synthesis
     5.1) HDL Synthesis Report
  6) Advanced HDL Synthesis
     6.1) Advanced HDL Synthesis Report
  7) Low Level Synthesis
  8) Partition Report
  9) Final Report
	9.1) Device utilization summary
	9.2) Partition Resource Summary
	9.3) TIMING REPORT


=========================================================================
*                      Synthesis Options Summary                        *
=========================================================================
---- Source Parameters
Input File Name                    : "execute.prj"
Input Format                       : mixed
Ignore Synthesis Constraint File   : NO

---- Target Parameters
Output File Name                   : "execute"
Output Format                      : NGC
Target Device                      : xc3s100e-5-cp132

---- Source Options
Top Module Name                    : execute
Automatic FSM Extraction           : YES
FSM Encoding Algorithm             : Auto
Safe Implementation                : No
FSM Style                          : LUT
RAM Extraction                     : Yes
RAM Style                          : Auto
ROM Extraction                     : Yes
Mux Style                          : Auto
Decoder Extraction                 : YES
Priority Encoder Extraction        : Yes
Shift Register Extraction          : YES
Logical Shifter Extraction         : YES
XOR Collapsing                     : YES
ROM Style                          : Auto
Mux Extraction                     : Yes
Resource Sharing                   : YES
Asynchronous To Synchronous        : NO
Multiplier Style                   : Auto
Automatic Register Balancing       : No

---- Target Options
Add IO Buffers                     : YES
Global Maximum Fanout              : 100000
Add Generic Clock Buffer(BUFG)     : 24
Register Duplication               : YES
Slice Packing                      : YES
Optimize Instantiated Primitives   : NO
Use Clock Enable                   : Yes
Use Synchronous Set                : Yes
Use Synchronous Reset              : Yes
Pack IO Registers into IOBs        : Auto
Equivalent register Removal        : YES

---- General Options
Optimization Goal                  : Speed
Optimization Effort                : 1
Keep Hierarchy                     : No
Netlist Hierarchy                  : As_Optimized
RTL Output                         : Yes
Global Optimization                : AllClockNets
Read Cores                         : YES
Write Timing Constraints           : NO
Cross Clock Analysis               : NO
Hierarchy Separator                : /
Bus Delimiter                      : <>
Case Specifier                     : Maintain
Slice Utilization Ratio            : 100
BRAM Utilization Ratio             : 100
Verilog 2001                       : YES
Auto BRAM Packing                  : NO
Slice Utilization Ratio Delta      : 5

=========================================================================


=========================================================================
*                          HDL Compilation                              *
=========================================================================
Compiling verilog file "mux_ex.v" in library work
Compiling verilog file "ex_mem_reg.v" in library work
Module <mux_ex> compiled
Compiling verilog file "alu.v" in library work
Module <ex_mem_reg> compiled
Compiling verilog file "execute.v" in library work
Module <alu> compiled
Module <execute> compiled
No errors in compilation
Analysis of file <"execute.prj"> succeeded.
 

=========================================================================
*                     Design Hierarchy Analysis                         *
=========================================================================
Analyzing hierarchy for module <execute> in library <work>.

Analyzing hierarchy for module <ex_mem_reg> in library <work>.

Analyzing hierarchy for module <mux_ex> in library <work>.

Analyzing hierarchy for module <alu> in library <work>.


=========================================================================
*                            HDL Analysis                               *
=========================================================================
Analyzing top module <execute>.
Module <execute> is correct for synthesis.
 
Analyzing module <ex_mem_reg> in library <work>.
Module <ex_mem_reg> is correct for synthesis.
 
Analyzing module <mux_ex> in library <work>.
Module <mux_ex> is correct for synthesis.
 
Analyzing module <alu> in library <work>.
Module <alu> is correct for synthesis.
 

=========================================================================
*                           HDL Synthesis                               *
=========================================================================

Performing bidirectional port resolution...

Synthesizing Unit <ex_mem_reg>.
    Related source file is "ex_mem_reg.v".
    Found 32-bit register for signal <out_reg>.
    Found 32-bit register for signal <out_res>.
    Summary:
	inferred  64 D-type flip-flop(s).
Unit <ex_mem_reg> synthesized.


Synthesizing Unit <mux_ex>.
    Related source file is "mux_ex.v".
Unit <mux_ex> synthesized.


Synthesizing Unit <alu>.
    Related source file is "alu.v".
    Found 32-bit addsub for signal <result$addsub0000>.
    Summary:
	inferred   1 Adder/Subtractor(s).
Unit <alu> synthesized.


Synthesizing Unit <execute>.
    Related source file is "execute.v".
Unit <execute> synthesized.

INFO:Xst:1767 - HDL ADVISOR - Resource sharing has identified that some arithmetic operations in this design can share the same physical resources for reduced device utilization. For improved clock frequency you may try to disable resource sharing.

=========================================================================
HDL Synthesis Report

Macro Statistics
# Adders/Subtractors                                   : 1
 32-bit addsub                                         : 1
# Registers                                            : 2
 32-bit register                                       : 2

=========================================================================

=========================================================================
*                       Advanced HDL Synthesis                          *
=========================================================================


=========================================================================
Advanced HDL Synthesis Report

Macro Statistics
# Adders/Subtractors                                   : 1
 32-bit addsub                                         : 1
# Registers                                            : 64
 Flip-Flops                                            : 64

=========================================================================

=========================================================================
*                         Low Level Synthesis                           *
=========================================================================

Optimizing unit <execute> ...

Optimizing unit <ex_mem_reg> ...

Mapping all equations...
Building and optimizing final netlist ...
Found area constraint ratio of 100 (+ 5) on block execute, actual ratio is 3.

Final Macro Processing ...

=========================================================================
Final Register Report

Macro Statistics
# Registers                                            : 64
 Flip-Flops                                            : 64

=========================================================================

=========================================================================
*                           Partition Report                            *
=========================================================================

Partition Implementation Status
-------------------------------

  No Partitions were found in this design.

-------------------------------

=========================================================================
*                            Final Report                               *
=========================================================================
Final Results
RTL Top Level Output File Name     : execute.ngr
Top Level Output File Name         : execute
Output Format                      : NGC
Optimization Goal                  : Speed
Keep Hierarchy                     : No

Design Statistics
# IOs                              : 163

Cell Usage :
# BELS                             : 128
#      LUT3                        : 62
#      LUT4                        : 2
#      MUXCY                       : 31
#      MUXF5                       : 1
#      XORCY                       : 32
# FlipFlops/Latches                : 64
#      FD                          : 64
# Clock Buffers                    : 1
#      BUFGP                       : 1
# IO Buffers                       : 162
#      IBUF                        : 98
#      OBUF                        : 64
=========================================================================

Device utilization summary:
---------------------------

Selected Device : 3s100ecp132-5 

 Number of Slices:                       35  out of    960     3%  
 Number of 4 input LUTs:                 64  out of   1920     3%  
 Number of IOs:                         163
 Number of bonded IOBs:                 163  out of     83   196% (*) 
    IOB Flip Flops:                      64
 Number of GCLKs:                         1  out of     24     4%  

WARNING:Xst:1336 -  (*) More than 100% of Device resources are used

---------------------------
Partition Resource Summary:
---------------------------

  No Partitions were found in this design.

---------------------------


=========================================================================
TIMING REPORT

NOTE: THESE TIMING NUMBERS ARE ONLY A SYNTHESIS ESTIMATE.
      FOR ACCURATE TIMING INFORMATION PLEASE REFER TO THE TRACE REPORT
      GENERATED AFTER PLACE-and-ROUTE.

Clock Information:
------------------
-----------------------------------+------------------------+-------+
Clock Signal                       | Clock buffer(FF name)  | Load  |
-----------------------------------+------------------------+-------+
clock                              | BUFGP                  | 64    |
-----------------------------------+------------------------+-------+

Asynchronous Control Signals Information:
----------------------------------------
No asynchronous control signals found in this design

Timing Summary:
---------------
Speed Grade: -5

   Minimum period: No path found
   Minimum input arrival time before clock: 6.897ns
   Maximum output required time after clock: 4.040ns
   Maximum combinational path delay: No path found

Timing Detail:
--------------
All values displayed in nanoseconds (ns)

=========================================================================
Timing constraint: Default OFFSET IN BEFORE for Clock 'clock'
  Total number of paths / destination ports: 3204 / 64
-------------------------------------------------------------------------
Offset:              6.897ns (Levels of Logic = 35)
  Source:            sel (PAD)
  Destination:       u_ex_mem_reg/out_res_31 (FF)
  Destination Clock: clock rising

  Data Path: sel to u_ex_mem_reg/out_res_31
                                Gate     Net
    Cell:in->out      fanout   Delay   Delay  Logical Name (Net Name)
    ----------------------------------------  ------------
     IBUF:I->O            33   1.106   1.225  sel_IBUF (sel_IBUF)
     LUT3:I0->O            1   0.612   0.426  u_mux_ex/aux<0>1 (salida_mux<0>)
     LUT3:I1->O            1   0.612   0.000  u_alu/Maddsub_result_addsub0000_lut<0> (u_alu/Maddsub_result_addsub0000_lut<0>)
     MUXCY:S->O            1   0.404   0.000  u_alu/Maddsub_result_addsub0000_cy<0> (u_alu/Maddsub_result_addsub0000_cy<0>)
     MUXCY:CI->O           1   0.052   0.000  u_alu/Maddsub_result_addsub0000_cy<1> (u_alu/Maddsub_result_addsub0000_cy<1>)
     MUXCY:CI->O           1   0.052   0.000  u_alu/Maddsub_result_addsub0000_cy<2> (u_alu/Maddsub_result_addsub0000_cy<2>)
     MUXCY:CI->O           1   0.052   0.000  u_alu/Maddsub_result_addsub0000_cy<3> (u_alu/Maddsub_result_addsub0000_cy<3>)
     MUXCY:CI->O           1   0.052   0.000  u_alu/Maddsub_result_addsub0000_cy<4> (u_alu/Maddsub_result_addsub0000_cy<4>)
     MUXCY:CI->O           1   0.052   0.000  u_alu/Maddsub_result_addsub0000_cy<5> (u_alu/Maddsub_result_addsub0000_cy<5>)
     MUXCY:CI->O           1   0.052   0.000  u_alu/Maddsub_result_addsub0000_cy<6> (u_alu/Maddsub_result_addsub0000_cy<6>)
     MUXCY:CI->O           1   0.052   0.000  u_alu/Maddsub_result_addsub0000_cy<7> (u_alu/Maddsub_result_addsub0000_cy<7>)
     MUXCY:CI->O           1   0.052   0.000  u_alu/Maddsub_result_addsub0000_cy<8> (u_alu/Maddsub_result_addsub0000_cy<8>)
     MUXCY:CI->O           1   0.052   0.000  u_alu/Maddsub_result_addsub0000_cy<9> (u_alu/Maddsub_result_addsub0000_cy<9>)
     MUXCY:CI->O           1   0.052   0.000  u_alu/Maddsub_result_addsub0000_cy<10> (u_alu/Maddsub_result_addsub0000_cy<10>)
     MUXCY:CI->O           1   0.051   0.000  u_alu/Maddsub_result_addsub0000_cy<11> (u_alu/Maddsub_result_addsub0000_cy<11>)
     MUXCY:CI->O           1   0.051   0.000  u_alu/Maddsub_result_addsub0000_cy<12> (u_alu/Maddsub_result_addsub0000_cy<12>)
     MUXCY:CI->O           1   0.051   0.000  u_alu/Maddsub_result_addsub0000_cy<13> (u_alu/Maddsub_result_addsub0000_cy<13>)
     MUXCY:CI->O           1   0.051   0.000  u_alu/Maddsub_result_addsub0000_cy<14> (u_alu/Maddsub_result_addsub0000_cy<14>)
     MUXCY:CI->O           1   0.051   0.000  u_alu/Maddsub_result_addsub0000_cy<15> (u_alu/Maddsub_result_addsub0000_cy<15>)
     MUXCY:CI->O           1   0.051   0.000  u_alu/Maddsub_result_addsub0000_cy<16> (u_alu/Maddsub_result_addsub0000_cy<16>)
     MUXCY:CI->O           1   0.051   0.000  u_alu/Maddsub_result_addsub0000_cy<17> (u_alu/Maddsub_result_addsub0000_cy<17>)
     MUXCY:CI->O           1   0.051   0.000  u_alu/Maddsub_result_addsub0000_cy<18> (u_alu/Maddsub_result_addsub0000_cy<18>)
     MUXCY:CI->O           1   0.051   0.000  u_alu/Maddsub_result_addsub0000_cy<19> (u_alu/Maddsub_result_addsub0000_cy<19>)
     MUXCY:CI->O           1   0.051   0.000  u_alu/Maddsub_result_addsub0000_cy<20> (u_alu/Maddsub_result_addsub0000_cy<20>)
     MUXCY:CI->O           1   0.051   0.000  u_alu/Maddsub_result_addsub0000_cy<21> (u_alu/Maddsub_result_addsub0000_cy<21>)
     MUXCY:CI->O           1   0.051   0.000  u_alu/Maddsub_result_addsub0000_cy<22> (u_alu/Maddsub_result_addsub0000_cy<22>)
     MUXCY:CI->O           1   0.051   0.000  u_alu/Maddsub_result_addsub0000_cy<23> (u_alu/Maddsub_result_addsub0000_cy<23>)
     MUXCY:CI->O           1   0.051   0.000  u_alu/Maddsub_result_addsub0000_cy<24> (u_alu/Maddsub_result_addsub0000_cy<24>)
     MUXCY:CI->O           1   0.051   0.000  u_alu/Maddsub_result_addsub0000_cy<25> (u_alu/Maddsub_result_addsub0000_cy<25>)
     MUXCY:CI->O           1   0.051   0.000  u_alu/Maddsub_result_addsub0000_cy<26> (u_alu/Maddsub_result_addsub0000_cy<26>)
     MUXCY:CI->O           1   0.051   0.000  u_alu/Maddsub_result_addsub0000_cy<27> (u_alu/Maddsub_result_addsub0000_cy<27>)
     MUXCY:CI->O           1   0.051   0.000  u_alu/Maddsub_result_addsub0000_cy<28> (u_alu/Maddsub_result_addsub0000_cy<28>)
     MUXCY:CI->O           1   0.051   0.000  u_alu/Maddsub_result_addsub0000_cy<29> (u_alu/Maddsub_result_addsub0000_cy<29>)
     MUXCY:CI->O           0   0.051   0.000  u_alu/Maddsub_result_addsub0000_cy<30> (u_alu/Maddsub_result_addsub0000_cy<30>)
     XORCY:CI->O           1   0.699   0.000  u_alu/Maddsub_result_addsub0000_xor<31> (salida_alu<31>)
     FD:D                      0.268          u_ex_mem_reg/out_res_31
    ----------------------------------------
    Total                      6.897ns (5.246ns logic, 1.651ns route)
                                       (76.1% logic, 23.9% route)

=========================================================================
Timing constraint: Default OFFSET OUT AFTER for Clock 'clock'
  Total number of paths / destination ports: 64 / 64
-------------------------------------------------------------------------
Offset:              4.040ns (Levels of Logic = 1)
  Source:            u_ex_mem_reg/out_reg_31 (FF)
  Destination:       registro_2_out<31> (PAD)
  Source Clock:      clock rising

  Data Path: u_ex_mem_reg/out_reg_31 to registro_2_out<31>
                                Gate     Net
    Cell:in->out      fanout   Delay   Delay  Logical Name (Net Name)
    ----------------------------------------  ------------
     FD:C->Q               1   0.514   0.357  u_ex_mem_reg/out_reg_31 (u_ex_mem_reg/out_reg_31)
     OBUF:I->O                 3.169          registro_2_out_31_OBUF (registro_2_out<31>)
    ----------------------------------------
    Total                      4.040ns (3.683ns logic, 0.357ns route)
                                       (91.2% logic, 8.8% route)

=========================================================================


Total REAL time to Xst completion: 4.00 secs
Total CPU time to Xst completion: 4.37 secs
 
--> 

Total memory usage is 217500 kilobytes

Number of errors   :    0 (   0 filtered)
Number of warnings :    1 (   0 filtered)
Number of infos    :    1 (   0 filtered)

